[INFO] Scanning for projects...
[INFO] 
[INFO] -----------------------< com.arafath:portfolio >------------------------
[INFO] Building portfolio 0.0.1-SNAPSHOT
[INFO]   from pom.xml
[INFO] --------------------------------[ jar ]---------------------------------
[INFO] 
[INFO] >>> spring-boot:3.5.3:run (default-cli) > test-compile @ portfolio >>>
[INFO] 
[INFO] --- resources:3.3.1:resources (default-resources) @ portfolio ---
[INFO] Copying 4 resources from src\main\resources to target\classes
[INFO] Copying 0 resource from src\main\resources to target\classes
[INFO] 
[INFO] --- compiler:3.14.0:compile (default-compile) @ portfolio ---
[INFO] Recompiling the module because of changed source code.
[INFO] Compiling 197 source files with javac [debug parameters release 21] to target\classes
[INFO] /C:/Users/arafa/Desktop/Portfolio/backend/src/main/java/com/arafath/portfolio/security/config/SecurityConfig.java: C:\Users\arafa\Desktop\Portfolio\backend\src\main\java\com\arafath\portfolio\security\config\SecurityConfig.java uses or overrides a deprecated API.
[INFO] /C:/Users/arafa/Desktop/Portfolio/backend/src/main/java/com/arafath/portfolio/security/config/SecurityConfig.java: Recompile with -Xlint:deprecation for details.
[INFO] 
[INFO] --- resources:3.3.1:testResources (default-testResources) @ portfolio ---
[INFO] skip non existing resourceDirectory C:\Users\arafa\Desktop\Portfolio\backend\src\test\resources
[INFO] 
[INFO] --- compiler:3.14.0:testCompile (default-testCompile) @ portfolio ---
[INFO] Recompiling the module because of changed dependency.
[INFO] Compiling 2 source files with javac [debug parameters release 21] to target\test-classes
[INFO] 
[INFO] <<< spring-boot:3.5.3:run (default-cli) < test-compile @ portfolio <<<
[INFO] 
[INFO] 
[INFO] --- spring-boot:3.5.3:run (default-cli) @ portfolio ---
[INFO] Attaching agents: []

  .   ____          _            __ _ _
 /\\ / ___'_ __ _ _(_)_ __  __ _ \ \ \ \
( ( )\___ | '_ | '_| | '_ \/ _` | \ \ \ \
 \\/  ___)| |_)| | | | | || (_| |  ) ) ) )
  '  |____| .__|_| |_|_| |_\__, | / / / /
 =========|_|==============|___/=/_/_/_/

 :: Spring Boot ::                (v3.5.3)

2026-06-30T13:31:12.734+05:30  INFO 11972 --- [portfolio] [  restartedMain] c.a.portfolio.PortfolioApplication       : Starting PortfolioApplication using Java 21.0.9 with PID 11972 (C:\Users\arafa\Desktop\Portfolio\backend\target\classes started by arafa in C:\Users\arafa\Desktop\Portfolio\backend)
2026-06-30T13:31:12.745+05:30  INFO 11972 --- [portfolio] [  restartedMain] c.a.portfolio.PortfolioApplication       : No active profile set, falling back to 1 default profile: "default"
2026-06-30T13:31:12.782+05:30  INFO 11972 --- [portfolio] [  restartedMain] .e.DevToolsPropertyDefaultsPostProcessor : Devtools property defaults active! Set 'spring.devtools.add-properties' to 'false' to disable
2026-06-30T13:31:12.783+05:30  INFO 11972 --- [portfolio] [  restartedMain] .e.DevToolsPropertyDefaultsPostProcessor : For additional web related logging consider setting the 'logging.level.web' property to 'DEBUG'
2026-06-30T13:31:13.639+05:30  INFO 11972 --- [portfolio] [  restartedMain] .s.d.r.c.RepositoryConfigurationDelegate : Bootstrapping Spring Data JPA repositories in DEFAULT mode.
2026-06-30T13:31:13.763+05:30  INFO 11972 --- [portfolio] [  restartedMain] .s.d.r.c.RepositoryConfigurationDelegate : Finished Spring Data repository scanning in 96 ms. Found 13 JPA repository interfaces.
2026-06-30T13:31:14.389+05:30  INFO 11972 --- [portfolio] [  restartedMain] o.s.b.w.embedded.tomcat.TomcatWebServer  : Tomcat initialized with port 8080 (http)
2026-06-30T13:31:14.428+05:30  INFO 11972 --- [portfolio] [  restartedMain] o.apache.catalina.core.StandardService   : Starting service [Tomcat]
2026-06-30T13:31:14.429+05:30  INFO 11972 --- [portfolio] [  restartedMain] o.apache.catalina.core.StandardEngine    : Starting Servlet engine: [Apache Tomcat/10.1.42]
2026-06-30T13:31:14.463+05:30  INFO 11972 --- [portfolio] [  restartedMain] o.a.c.c.C.[Tomcat].[localhost].[/]       : Initializing Spring embedded WebApplicationContext
2026-06-30T13:31:14.464+05:30  INFO 11972 --- [portfolio] [  restartedMain] w.s.c.ServletWebServerApplicationContext : Root WebApplicationContext: initialization completed in 1680 ms
2026-06-30T13:31:14.593+05:30  INFO 11972 --- [portfolio] [  restartedMain] o.hibernate.jpa.internal.util.LogHelper  : HHH000204: Processing PersistenceUnitInfo [name: default]
2026-06-30T13:31:14.655+05:30  INFO 11972 --- [portfolio] [  restartedMain] org.hibernate.Version                    : HHH000412: Hibernate ORM core version 6.6.18.Final
2026-06-30T13:31:14.687+05:30  INFO 11972 --- [portfolio] [  restartedMain] o.h.c.internal.RegionFactoryInitiator    : HHH000026: Second-level cache disabled
2026-06-30T13:31:15.014+05:30  INFO 11972 --- [portfolio] [  restartedMain] o.s.o.j.p.SpringPersistenceUnitInfo      : No LoadTimeWeaver setup: ignoring JPA class transformer
2026-06-30T13:31:15.060+05:30  INFO 11972 --- [portfolio] [  restartedMain] com.zaxxer.hikari.HikariDataSource       : HikariPool-1 - Starting...
2026-06-30T13:31:15.354+05:30  INFO 11972 --- [portfolio] [  restartedMain] com.zaxxer.hikari.pool.HikariPool        : HikariPool-1 - Added connection com.mysql.cj.jdbc.ConnectionImpl@695f932c
2026-06-30T13:31:15.355+05:30  INFO 11972 --- [portfolio] [  restartedMain] com.zaxxer.hikari.HikariDataSource       : HikariPool-1 - Start completed.
2026-06-30T13:31:15.431+05:30  INFO 11972 --- [portfolio] [  restartedMain] org.hibernate.orm.connections.pooling    : HHH10001005: Database info:
	Database JDBC URL [Connecting through datasource 'HikariDataSource (HikariPool-1)']
	Database driver: undefined/unknown
	Database version: 8.0.43
	Autocommit mode: undefined/unknown
	Isolation level: undefined/unknown
	Minimum pool size: undefined/unknown
	Maximum pool size: undefined/unknown
2026-06-30T13:31:16.609+05:30  INFO 11972 --- [portfolio] [  restartedMain] o.h.e.t.j.p.i.JtaPlatformInitiator       : HHH000489: No JTA platform available (set 'hibernate.transaction.jta.platform' to enable JTA platform integration)
Hibernate: alter table admins modify column role enum ('ADMIN') not null
Hibernate: alter table skills modify column category enum ('AI','BACKEND','DATABASE','DEVOPS','FRONTEND','MOBILE','OTHER','TOOLS') not null
Hibernate: alter table skills modify column level enum ('ADVANCED','BEGINNER','EXPERT','INTERMEDIATE') not null
Hibernate: alter table social_links modify column platform enum ('DISCORD','EMAIL','FACEBOOK','GITHUB','INSTAGRAM','LINKEDIN','TIKTOK','WHATSAPP','X','YOUTUBE') not null
2026-06-30T13:31:16.982+05:30  INFO 11972 --- [portfolio] [  restartedMain] j.LocalContainerEntityManagerFactoryBean : Initialized JPA EntityManagerFactory for persistence unit 'default'
2026-06-30T13:31:17.761+05:30  INFO 11972 --- [portfolio] [  restartedMain] eAuthenticationProviderManagerConfigurer : Global AuthenticationManager configured with AuthenticationProvider bean with name authenticationProvider
2026-06-30T13:31:17.785+05:30  WARN 11972 --- [portfolio] [  restartedMain] r$InitializeUserDetailsManagerConfigurer : Global AuthenticationManager configured with an AuthenticationProvider bean. UserDetailsService beans will not be used by Spring Security for automatically configuring username/password login. Consider removing the AuthenticationProvider bean. Alternatively, consider using the UserDetailsService in a manually instantiated DaoAuthenticationProvider. If the current configuration is intentional, to turn off this warning, increase the logging level of 'org.springframework.security.config.annotation.authentication.configuration.InitializeUserDetailsBeanManagerConfigurer' to ERROR
2026-06-30T13:31:17.800+05:30  INFO 11972 --- [portfolio] [  restartedMain] c.a.p.s.config.StorageConfiguration      : Storage initialization. Storage Root: C:\Users\arafa\Desktop\Portfolio\backend\uploads
2026-06-30T13:31:17.803+05:30  INFO 11972 --- [portfolio] [  restartedMain] c.a.p.s.config.StorageConfiguration      : Storage folders initialized successfully.
2026-06-30T13:31:18.481+05:30  INFO 11972 --- [portfolio] [  restartedMain] o.s.b.d.a.OptionalLiveReloadServer       : LiveReload server is running on port 35729
2026-06-30T13:31:18.570+05:30  INFO 11972 --- [portfolio] [  restartedMain] o.s.b.w.embedded.tomcat.TomcatWebServer  : Tomcat started on port 8080 (http) with context path '/'
2026-06-30T13:31:18.581+05:30  INFO 11972 --- [portfolio] [  restartedMain] c.a.portfolio.PortfolioApplication       : Started PortfolioApplication in 6.216 seconds (process running for 6.603)
Hibernate: select count(*) from admins a1_0
2026-06-30T13:31:18.869+05:30  INFO 11972 --- [portfolio] [  restartedMain] c.a.p.s.initializer.AdminInitializer     : Default admin initialization skipped because admin records already exist.
