2026-07-13T10:34:34.602+05:30  INFO 24220 --- [portfolio] [restartedMain] c.a.portfolio.PortfolioApplication       : Starting PortfolioApplication using Java 21.0.9 with PID 24220 (C:\Users\arafa\Desktop\Portfolio\backend\target\classes started by arafa in C:\Users\arafa\Desktop\Portfolio\backend)
2026-07-13T10:34:34.617+05:30 DEBUG 24220 --- [portfolio] [restartedMain] c.a.portfolio.PortfolioApplication       : Running with Spring Boot v3.5.3, Spring v6.2.8
2026-07-13T10:34:34.623+05:30  INFO 24220 --- [portfolio] [restartedMain] c.a.portfolio.PortfolioApplication       : No active profile set, falling back to 1 default profile: "default"
2026-07-13T10:34:34.757+05:30  INFO 24220 --- [portfolio] [restartedMain] .e.DevToolsPropertyDefaultsPostProcessor : Devtools property defaults active! Set 'spring.devtools.add-properties' to 'false' to disable
2026-07-13T10:34:34.759+05:30  INFO 24220 --- [portfolio] [restartedMain] .e.DevToolsPropertyDefaultsPostProcessor : For additional web related logging consider setting the 'logging.level.web' property to 'DEBUG'
2026-07-13T10:34:37.572+05:30  INFO 24220 --- [portfolio] [restartedMain] .s.d.r.c.RepositoryConfigurationDelegate : Bootstrapping Spring Data JPA repositories in DEFAULT mode.
2026-07-13T10:34:38.033+05:30  INFO 24220 --- [portfolio] [restartedMain] .s.d.r.c.RepositoryConfigurationDelegate : Finished Spring Data repository scanning in 440 ms. Found 17 JPA repository interfaces.
2026-07-13T10:34:40.313+05:30  INFO 24220 --- [portfolio] [restartedMain] o.s.b.w.embedded.tomcat.TomcatWebServer  : Tomcat initialized with port 8080 (http)
2026-07-13T10:34:40.354+05:30  INFO 24220 --- [portfolio] [restartedMain] o.apache.catalina.core.StandardService   : Starting service [Tomcat]
2026-07-13T10:34:40.357+05:30  INFO 24220 --- [portfolio] [restartedMain] o.apache.catalina.core.StandardEngine    : Starting Servlet engine: [Apache Tomcat/10.1.42]
2026-07-13T10:34:40.456+05:30  INFO 24220 --- [portfolio] [restartedMain] o.a.c.c.C.[Tomcat].[localhost].[/]       : Initializing Spring embedded WebApplicationContext
2026-07-13T10:34:40.457+05:30  INFO 24220 --- [portfolio] [restartedMain] w.s.c.ServletWebServerApplicationContext : Root WebApplicationContext: initialization completed in 5696 ms
2026-07-13T10:34:40.817+05:30  INFO 24220 --- [portfolio] [restartedMain] o.hibernate.jpa.internal.util.LogHelper  : HHH000204: Processing PersistenceUnitInfo [name: default]
2026-07-13T10:34:41.028+05:30  INFO 24220 --- [portfolio] [restartedMain] org.hibernate.Version                    : HHH000412: Hibernate ORM core version 6.6.18.Final
2026-07-13T10:34:41.110+05:30  INFO 24220 --- [portfolio] [restartedMain] o.h.c.internal.RegionFactoryInitiator    : HHH000026: Second-level cache disabled
2026-07-13T10:34:41.843+05:30  INFO 24220 --- [portfolio] [restartedMain] o.s.o.j.p.SpringPersistenceUnitInfo      : No LoadTimeWeaver setup: ignoring JPA class transformer
2026-07-13T10:34:41.922+05:30  INFO 24220 --- [portfolio] [restartedMain] com.zaxxer.hikari.HikariDataSource       : HikariPool-1 - Starting...
2026-07-13T10:34:42.960+05:30  INFO 24220 --- [portfolio] [restartedMain] com.zaxxer.hikari.pool.HikariPool        : HikariPool-1 - Added connection com.mysql.cj.jdbc.ConnectionImpl@3e721f4d
2026-07-13T10:34:42.963+05:30  INFO 24220 --- [portfolio] [restartedMain] com.zaxxer.hikari.HikariDataSource       : HikariPool-1 - Start completed.
2026-07-13T10:34:43.282+05:30  INFO 24220 --- [portfolio] [restartedMain] org.hibernate.orm.connections.pooling    : HHH10001005: Database info:
	Database JDBC URL [Connecting through datasource 'HikariDataSource (HikariPool-1)']
	Database driver: undefined/unknown
	Database version: 8.0.43
	Autocommit mode: undefined/unknown
	Isolation level: undefined/unknown
	Minimum pool size: undefined/unknown
	Maximum pool size: undefined/unknown
2026-07-13T10:34:45.559+05:30  INFO 24220 --- [portfolio] [restartedMain] o.h.e.t.j.p.i.JtaPlatformInitiator       : HHH000489: No JTA platform available (set 'hibernate.transaction.jta.platform' to enable JTA platform integration)
2026-07-13T10:34:46.291+05:30  INFO 24220 --- [portfolio] [restartedMain] j.LocalContainerEntityManagerFactoryBean : Initialized JPA EntityManagerFactory for persistence unit 'default'
2026-07-13T10:34:46.908+05:30 DEBUG 24220 --- [portfolio] [restartedMain] c.a.p.s.filter.JwtAuthenticationFilter   : Filter 'jwtAuthenticationFilter' configured for use
2026-07-13T10:34:48.151+05:30  INFO 24220 --- [portfolio] [restartedMain] c.a.portfolio.mail.config.MailConfig     : Validating SMTP mail configuration...
2026-07-13T10:34:48.151+05:30  INFO 24220 --- [portfolio] [restartedMain] c.a.portfolio.mail.config.MailConfig     : SMTP mail configuration validated successfully. Sender: [arafathm0307@gmail.com], Owner notifications: [arafathm0307@gmail.com]
2026-07-13T10:34:48.227+05:30  INFO 24220 --- [portfolio] [restartedMain] eAuthenticationProviderManagerConfigurer : Global AuthenticationManager configured with AuthenticationProvider bean with name authenticationProvider
2026-07-13T10:34:48.229+05:30  WARN 24220 --- [portfolio] [restartedMain] r$InitializeUserDetailsManagerConfigurer : Global AuthenticationManager configured with an AuthenticationProvider bean. UserDetailsService beans will not be used by Spring Security for automatically configuring username/password login. Consider removing the AuthenticationProvider bean. Alternatively, consider using the UserDetailsService in a manually instantiated DaoAuthenticationProvider. If the current configuration is intentional, to turn off this warning, increase the logging level of 'org.springframework.security.config.annotation.authentication.configuration.InitializeUserDetailsBeanManagerConfigurer' to ERROR
2026-07-13T10:34:48.249+05:30  INFO 24220 --- [portfolio] [restartedMain] c.a.p.s.config.StorageConfiguration      : Storage initialization. Storage Root: C:\Users\arafa\Desktop\Portfolio\backend\uploads
2026-07-13T10:34:48.252+05:30  INFO 24220 --- [portfolio] [restartedMain] c.a.p.s.config.StorageConfiguration      : Storage folders initialized successfully.
2026-07-13T10:34:49.487+05:30  INFO 24220 --- [portfolio] [restartedMain] o.s.b.d.a.OptionalLiveReloadServer       : LiveReload server is running on port 35729
2026-07-13T10:34:49.591+05:30  INFO 24220 --- [portfolio] [restartedMain] o.s.b.w.embedded.tomcat.TomcatWebServer  : Tomcat started on port 8080 (http) with context path '/'
2026-07-13T10:34:49.610+05:30  INFO 24220 --- [portfolio] [restartedMain] c.a.portfolio.PortfolioApplication       : Started PortfolioApplication in 16.496 seconds (process running for 17.066)
2026-07-13T10:34:50.225+05:30  INFO 24220 --- [portfolio] [restartedMain] c.arafath.portfolio.seeder.SkillSeeder   : Populating skills...
2026-07-13T10:34:50.447+05:30  INFO 24220 --- [portfolio] [restartedMain] c.arafath.portfolio.seeder.SkillSeeder   : Skill population completed.
2026-07-13T10:34:50.460+05:30  INFO 24220 --- [portfolio] [restartedMain] c.a.p.s.initializer.AdminInitializer     : Default admin initialization skipped because admin records already exist.
2026-07-13T10:35:09.836+05:30  INFO 24220 --- [portfolio] [http-nio-8080-exec-5] o.a.c.c.C.[Tomcat].[localhost].[/]       : Initializing Spring DispatcherServlet 'dispatcherServlet'
2026-07-13T10:35:09.837+05:30  INFO 24220 --- [portfolio] [http-nio-8080-exec-5] o.s.web.servlet.DispatcherServlet        : Initializing Servlet 'dispatcherServlet'
2026-07-13T10:35:09.846+05:30  INFO 24220 --- [portfolio] [http-nio-8080-exec-5] o.s.web.servlet.DispatcherServlet        : Completed initialization in 7 ms
2026-07-13T10:35:10.624+05:30  INFO 24220 --- [portfolio] [http-nio-8080-exec-1] c.a.p.service.impl.SkillServiceImpl      : Fetching all skills.
2026-07-13T10:35:10.624+05:30  INFO 24220 --- [portfolio] [http-nio-8080-exec-6] c.a.p.s.impl.YouTubeVideoServiceImpl     : Fetching all YouTube videos.
2026-07-13T10:35:10.624+05:30  INFO 24220 --- [portfolio] [http-nio-8080-exec-10] c.a.p.s.impl.CertificationServiceImpl    : Fetching all certifications.
2026-07-13T10:35:10.624+05:30  INFO 24220 --- [portfolio] [http-nio-8080-exec-3] c.a.p.service.impl.AboutServiceImpl      : Fetching portfolio About information.
2026-07-13T10:35:10.626+05:30  INFO 24220 --- [portfolio] [http-nio-8080-exec-9] c.a.p.service.impl.PassionServiceImpl    : Fetching all passions.
2026-07-13T10:35:10.624+05:30  INFO 24220 --- [portfolio] [http-nio-8080-exec-2] c.a.p.service.impl.ProjectServiceImpl    : Fetching all projects.
2026-07-13T10:35:10.647+05:30  INFO 24220 --- [portfolio] [http-nio-8080-exec-6] c.a.p.s.impl.YouTubeVideoServiceImpl     : Retrieved 0 YouTube video(s) successfully.
2026-07-13T10:35:10.668+05:30  INFO 24220 --- [portfolio] [http-nio-8080-exec-3] c.a.p.service.impl.AboutServiceImpl      : Portfolio About information retrieved successfully.
2026-07-13T10:35:10.670+05:30  INFO 24220 --- [portfolio] [http-nio-8080-exec-10] c.a.p.s.impl.CertificationServiceImpl    : Retrieved 8 certification(s) successfully.
2026-07-13T10:35:10.683+05:30  INFO 24220 --- [portfolio] [http-nio-8080-exec-1] c.a.p.service.impl.SkillServiceImpl      : Retrieved 27 skill(s) successfully.
2026-07-13T10:35:10.711+05:30  INFO 24220 --- [portfolio] [http-nio-8080-exec-2] c.a.p.service.impl.ProjectServiceImpl    : Retrieved 4 project(s) successfully.
2026-07-13T10:35:10.882+05:30  WARN 24220 --- [portfolio] [http-nio-8080-exec-2] .m.m.a.ExceptionHandlerExceptionResolver : Resolved [jakarta.servlet.ServletException: Handler dispatch failed: java.lang.Error: Unresolved compilation problem: <EOL>?The method getStatus() from the type Project refers to the missing type ProjectStatus<EOL>]
2026-07-13T10:35:10.882+05:30  WARN 24220 --- [portfolio] [http-nio-8080-exec-1] .m.m.a.ExceptionHandlerExceptionResolver : Resolved [jakarta.servlet.ServletException: Handler dispatch failed: java.lang.Error: Unresolved compilation problems: <EOL>?The method getCategory() from the type Skill refers to the missing type SkillCategory<EOL>?The method getLevel() from the type Skill refers to the missing type SkillLevel<EOL>]
2026-07-13T10:35:10.922+05:30  INFO 24220 --- [portfolio] [http-nio-8080-exec-8] c.a.p.s.impl.SocialLinkServiceImpl       : Fetching all social links.
2026-07-13T10:35:10.922+05:30  INFO 24220 --- [portfolio] [http-nio-8080-exec-4] c.a.p.s.impl.SiteSettingServiceImpl      : Fetching portfolio site settings.
2026-07-13T10:35:10.928+05:30  INFO 24220 --- [portfolio] [http-nio-8080-exec-5] c.a.p.s.impl.YouTubeVideoServiceImpl     : Fetching all YouTube videos.
2026-07-13T10:35:10.934+05:30  INFO 24220 --- [portfolio] [http-nio-8080-exec-8] c.a.p.s.impl.SocialLinkServiceImpl       : Retrieved 7 social link(s) successfully.
2026-07-13T10:35:10.936+05:30  INFO 24220 --- [portfolio] [http-nio-8080-exec-7] c.a.p.service.impl.ResumeServiceImpl     : Fetching portfolio resume.
2026-07-13T10:35:10.937+05:30  INFO 24220 --- [portfolio] [http-nio-8080-exec-5] c.a.p.s.impl.YouTubeVideoServiceImpl     : Retrieved 0 YouTube video(s) successfully.
2026-07-13T10:35:10.938+05:30  INFO 24220 --- [portfolio] [http-nio-8080-exec-6] c.a.p.service.impl.ProjectServiceImpl    : Fetching all projects.
2026-07-13T10:35:10.938+05:30  INFO 24220 --- [portfolio] [http-nio-8080-exec-3] c.a.p.service.impl.SkillServiceImpl      : Fetching all skills.
2026-07-13T10:35:10.945+05:30  WARN 24220 --- [portfolio] [http-nio-8080-exec-8] .m.m.a.ExceptionHandlerExceptionResolver : Resolved [jakarta.servlet.ServletException: Handler dispatch failed: java.lang.Error: Unresolved compilation problem: <EOL>?The method getPlatform() from the type SocialLink refers to the missing type SocialPlatform<EOL>]
2026-07-13T10:35:10.945+05:30  INFO 24220 --- [portfolio] [http-nio-8080-exec-4] c.a.p.s.impl.SiteSettingServiceImpl      : Portfolio site settings retrieved successfully.
2026-07-13T10:35:10.961+05:30  INFO 24220 --- [portfolio] [http-nio-8080-exec-3] c.a.p.service.impl.SkillServiceImpl      : Retrieved 27 skill(s) successfully.
2026-07-13T10:35:10.962+05:30  INFO 24220 --- [portfolio] [http-nio-8080-exec-6] c.a.p.service.impl.ProjectServiceImpl    : Retrieved 4 project(s) successfully.
2026-07-13T10:35:10.971+05:30  WARN 24220 --- [portfolio] [http-nio-8080-exec-6] .m.m.a.ExceptionHandlerExceptionResolver : Resolved [jakarta.servlet.ServletException: Handler dispatch failed: java.lang.Error: Unresolved compilation problem: <EOL>?The method getStatus() from the type Project refers to the missing type ProjectStatus<EOL>]
2026-07-13T10:35:10.980+05:30  INFO 24220 --- [portfolio] [http-nio-8080-exec-2] c.a.p.service.impl.AboutServiceImpl      : Fetching portfolio About information.
2026-07-13T10:35:10.980+05:30  WARN 24220 --- [portfolio] [http-nio-8080-exec-3] .m.m.a.ExceptionHandlerExceptionResolver : Resolved [jakarta.servlet.ServletException: Handler dispatch failed: java.lang.Error: Unresolved compilation problems: <EOL>?The method getCategory() from the type Skill refers to the missing type SkillCategory<EOL>?The method getLevel() from the type Skill refers to the missing type SkillLevel<EOL>]
2026-07-13T10:35:10.990+05:30  INFO 24220 --- [portfolio] [http-nio-8080-exec-1] c.a.p.service.impl.PassionServiceImpl    : Fetching all passions.
2026-07-13T10:35:10.995+05:30  INFO 24220 --- [portfolio] [http-nio-8080-exec-2] c.a.p.service.impl.AboutServiceImpl      : Portfolio About information retrieved successfully.
2026-07-13T10:35:11.002+05:30  INFO 24220 --- [portfolio] [http-nio-8080-exec-10] c.a.p.s.impl.SocialLinkServiceImpl       : Fetching all social links.
2026-07-13T10:35:11.020+05:30  INFO 24220 --- [portfolio] [http-nio-8080-exec-10] c.a.p.s.impl.SocialLinkServiceImpl       : Retrieved 7 social link(s) successfully.
2026-07-13T10:35:11.027+05:30  INFO 24220 --- [portfolio] [http-nio-8080-exec-9] c.a.p.s.impl.CertificationServiceImpl    : Fetching all certifications.
2026-07-13T10:35:11.027+05:30  INFO 24220 --- [portfolio] [http-nio-8080-exec-5] c.a.p.s.impl.SiteSettingServiceImpl      : Fetching portfolio site settings.
2026-07-13T10:35:11.030+05:30  WARN 24220 --- [portfolio] [http-nio-8080-exec-10] .m.m.a.ExceptionHandlerExceptionResolver : Resolved [jakarta.servlet.ServletException: Handler dispatch failed: java.lang.Error: Unresolved compilation problem: <EOL>?The method getPlatform() from the type SocialLink refers to the missing type SocialPlatform<EOL>]
2026-07-13T10:35:11.033+05:30  INFO 24220 --- [portfolio] [http-nio-8080-exec-5] c.a.p.s.impl.SiteSettingServiceImpl      : Portfolio site settings retrieved successfully.
2026-07-13T10:35:11.044+05:30  INFO 24220 --- [portfolio] [http-nio-8080-exec-9] c.a.p.s.impl.CertificationServiceImpl    : Retrieved 8 certification(s) successfully.
2026-07-13T10:35:11.054+05:30  INFO 24220 --- [portfolio] [http-nio-8080-exec-7] c.a.p.service.impl.ResumeServiceImpl     : Portfolio resume retrieved successfully.
2026-07-13T10:35:11.063+05:30  WARN 24220 --- [portfolio] [http-nio-8080-exec-7] .m.m.a.ExceptionHandlerExceptionResolver : Resolved [jakarta.servlet.ServletException: Handler dispatch failed: java.lang.Error: Unresolved compilation problem: <EOL>?The method getFileType() from the type Resume refers to the missing type FileType<EOL>]
2026-07-13T10:35:11.082+05:30  INFO 24220 --- [portfolio] [http-nio-8080-exec-8] c.a.p.service.impl.ResumeServiceImpl     : Fetching portfolio resume.
2026-07-13T10:35:11.094+05:30  INFO 24220 --- [portfolio] [http-nio-8080-exec-8] c.a.p.service.impl.ResumeServiceImpl     : Portfolio resume retrieved successfully.
2026-07-13T10:35:11.096+05:30  WARN 24220 --- [portfolio] [http-nio-8080-exec-8] .m.m.a.ExceptionHandlerExceptionResolver : Resolved [jakarta.servlet.ServletException: Handler dispatch failed: java.lang.Error: Unresolved compilation problem: <EOL>?The method getFileType() from the type Resume refers to the missing type FileType<EOL>]
2026-07-13T10:35:16.764+05:30  INFO 24220 --- [portfolio] [http-nio-8080-exec-10] c.a.p.s.impl.CertificationServiceImpl    : Fetching all certifications.
2026-07-13T10:35:16.765+05:30  INFO 24220 --- [portfolio] [http-nio-8080-exec-3] c.a.p.service.impl.SkillServiceImpl      : Fetching all skills.
2026-07-13T10:35:16.766+05:30  INFO 24220 --- [portfolio] [http-nio-8080-exec-2] c.a.p.service.impl.ProjectServiceImpl    : Fetching all projects.
2026-07-13T10:35:16.766+05:30  INFO 24220 --- [portfolio] [http-nio-8080-exec-1] c.a.p.service.impl.PassionServiceImpl    : Fetching all passions.
2026-07-13T10:35:16.789+05:30  INFO 24220 --- [portfolio] [http-nio-8080-exec-10] c.a.p.s.impl.CertificationServiceImpl    : Retrieved 8 certification(s) successfully.
2026-07-13T10:35:16.792+05:30  INFO 24220 --- [portfolio] [http-nio-8080-exec-2] c.a.p.service.impl.ProjectServiceImpl    : Retrieved 4 project(s) successfully.
2026-07-13T10:35:16.813+05:30  INFO 24220 --- [portfolio] [http-nio-8080-exec-3] c.a.p.service.impl.SkillServiceImpl      : Retrieved 27 skill(s) successfully.
2026-07-13T10:35:16.822+05:30  WARN 24220 --- [portfolio] [http-nio-8080-exec-2] .m.m.a.ExceptionHandlerExceptionResolver : Resolved [jakarta.servlet.ServletException: Handler dispatch failed: java.lang.Error: Unresolved compilation problem: <EOL>?The method getStatus() from the type Project refers to the missing type ProjectStatus<EOL>]
2026-07-13T10:35:16.837+05:30  WARN 24220 --- [portfolio] [http-nio-8080-exec-3] .m.m.a.ExceptionHandlerExceptionResolver : Resolved [jakarta.servlet.ServletException: Handler dispatch failed: java.lang.Error: Unresolved compilation problems: <EOL>?The method getCategory() from the type Skill refers to the missing type SkillCategory<EOL>?The method getLevel() from the type Skill refers to the missing type SkillLevel<EOL>]
2026-07-13T10:35:16.872+05:30  INFO 24220 --- [portfolio] [http-nio-8080-exec-9] c.a.p.service.impl.PassionServiceImpl    : Fetching all passions.
2026-07-13T10:35:16.872+05:30  INFO 24220 --- [portfolio] [http-nio-8080-exec-7] c.a.p.service.impl.ProjectServiceImpl    : Fetching all projects.
2026-07-13T10:35:16.874+05:30  INFO 24220 --- [portfolio] [http-nio-8080-exec-8] c.a.p.service.impl.SkillServiceImpl      : Fetching all skills.
2026-07-13T10:35:16.874+05:30  INFO 24220 --- [portfolio] [http-nio-8080-exec-5] c.a.p.s.impl.CertificationServiceImpl    : Fetching all certifications.
2026-07-13T10:35:16.886+05:30  INFO 24220 --- [portfolio] [http-nio-8080-exec-7] c.a.p.service.impl.ProjectServiceImpl    : Retrieved 4 project(s) successfully.
2026-07-13T10:35:16.893+05:30  INFO 24220 --- [portfolio] [http-nio-8080-exec-5] c.a.p.s.impl.CertificationServiceImpl    : Retrieved 8 certification(s) successfully.
2026-07-13T10:35:16.890+05:30  INFO 24220 --- [portfolio] [http-nio-8080-exec-8] c.a.p.service.impl.SkillServiceImpl      : Retrieved 27 skill(s) successfully.
2026-07-13T10:35:16.904+05:30  WARN 24220 --- [portfolio] [http-nio-8080-exec-7] .m.m.a.ExceptionHandlerExceptionResolver : Resolved [jakarta.servlet.ServletException: Handler dispatch failed: java.lang.Error: Unresolved compilation problem: <EOL>?The method getStatus() from the type Project refers to the missing type ProjectStatus<EOL>]
2026-07-13T10:35:16.906+05:30  WARN 24220 --- [portfolio] [http-nio-8080-exec-8] .m.m.a.ExceptionHandlerExceptionResolver : Resolved [jakarta.servlet.ServletException: Handler dispatch failed: java.lang.Error: Unresolved compilation problems: <EOL>?The method getCategory() from the type Skill refers to the missing type SkillCategory<EOL>?The method getLevel() from the type Skill refers to the missing type SkillLevel<EOL>]
2026-07-13T10:35:20.330+05:30  INFO 24220 --- [portfolio] [http-nio-8080-exec-2] c.a.p.service.impl.ProjectServiceImpl    : Fetching all projects.
2026-07-13T10:35:20.370+05:30  INFO 24220 --- [portfolio] [http-nio-8080-exec-2] c.a.p.service.impl.ProjectServiceImpl    : Retrieved 4 project(s) successfully.
2026-07-13T10:35:20.386+05:30  WARN 24220 --- [portfolio] [http-nio-8080-exec-2] .m.m.a.ExceptionHandlerExceptionResolver : Resolved [jakarta.servlet.ServletException: Handler dispatch failed: java.lang.Error: Unresolved compilation problem: <EOL>?The method getStatus() from the type Project refers to the missing type ProjectStatus<EOL>]
2026-07-13T10:35:20.425+05:30  INFO 24220 --- [portfolio] [http-nio-8080-exec-3] c.a.p.service.impl.ProjectServiceImpl    : Fetching all projects.
2026-07-13T10:35:20.440+05:30  INFO 24220 --- [portfolio] [http-nio-8080-exec-3] c.a.p.service.impl.ProjectServiceImpl    : Retrieved 4 project(s) successfully.
2026-07-13T10:35:20.449+05:30  WARN 24220 --- [portfolio] [http-nio-8080-exec-3] .m.m.a.ExceptionHandlerExceptionResolver : Resolved [jakarta.servlet.ServletException: Handler dispatch failed: java.lang.Error: Unresolved compilation problem: <EOL>?The method getStatus() from the type Project refers to the missing type ProjectStatus<EOL>]
2026-07-13T10:35:21.621+05:30  INFO 24220 --- [portfolio] [http-nio-8080-exec-9] c.a.p.service.impl.PassionServiceImpl    : Fetching all passions.
2026-07-13T10:35:21.682+05:30  INFO 24220 --- [portfolio] [http-nio-8080-exec-7] c.a.p.service.impl.PassionServiceImpl    : Fetching all passions.
2026-07-13T10:35:26.088+05:30  INFO 24220 --- [portfolio] [http-nio-8080-exec-10] c.a.p.s.impl.CertificationServiceImpl    : Fetching all certifications.
2026-07-13T10:35:26.100+05:30  INFO 24220 --- [portfolio] [http-nio-8080-exec-10] c.a.p.s.impl.CertificationServiceImpl    : Retrieved 8 certification(s) successfully.
2026-07-13T10:35:26.137+05:30  INFO 24220 --- [portfolio] [http-nio-8080-exec-2] c.a.p.s.impl.CertificationServiceImpl    : Fetching all certifications.
2026-07-13T10:35:26.156+05:30  INFO 24220 --- [portfolio] [http-nio-8080-exec-2] c.a.p.s.impl.CertificationServiceImpl    : Retrieved 8 certification(s) successfully.
2026-07-13T10:35:27.248+05:30  INFO 24220 --- [portfolio] [http-nio-8080-exec-5] c.a.p.s.impl.YouTubeVideoServiceImpl     : Fetching all YouTube videos.
2026-07-13T10:35:27.257+05:30  INFO 24220 --- [portfolio] [http-nio-8080-exec-5] c.a.p.s.impl.YouTubeVideoServiceImpl     : Retrieved 0 YouTube video(s) successfully.
2026-07-13T10:35:27.284+05:30  INFO 24220 --- [portfolio] [http-nio-8080-exec-4] c.a.p.s.impl.YouTubeVideoServiceImpl     : Fetching all YouTube videos.
2026-07-13T10:35:27.295+05:30  INFO 24220 --- [portfolio] [http-nio-8080-exec-4] c.a.p.s.impl.YouTubeVideoServiceImpl     : Retrieved 0 YouTube video(s) successfully.
